c:\users\marcr\documents\fib\whomp-em-vj-david-comino-muriano-marc-ribas-acon\projecte\2dgame\02-bubble\02-bubble\debug\vc143.pdb
c:\users\marcr\documents\fib\whomp-em-vj-david-comino-muriano-marc-ribas-acon\projecte\2dgame\02-bubble\02-bubble\debug\vc143.idb
c:\users\marcr\documents\fib\whomp-em-vj-david-comino-muriano-marc-ribas-acon\projecte\2dgame\02-bubble\02-bubble\debug\shader.obj
c:\users\marcr\documents\fib\whomp-em-vj-david-comino-muriano-marc-ribas-acon\projecte\2dgame\02-bubble\02-bubble\debug\scene.obj
c:\users\marcr\documents\fib\whomp-em-vj-david-comino-muriano-marc-ribas-acon\projecte\2dgame\02-bubble\02-bubble\debug\potions.obj
c:\users\marcr\documents\fib\whomp-em-vj-david-comino-muriano-marc-ribas-acon\projecte\2dgame\02-bubble\02-bubble\debug\player.obj
c:\users\marcr\documents\fib\whomp-em-vj-david-comino-muriano-marc-ribas-acon\projecte\2dgame\02-bubble\02-bubble\debug\mole.obj
c:\users\marcr\documents\fib\whomp-em-vj-david-comino-muriano-marc-ribas-acon\projecte\2dgame\02-bubble\02-bubble\debug\main.obj
c:\users\marcr\documents\fib\whomp-em-vj-david-comino-muriano-marc-ribas-acon\projecte\2dgame\02-bubble\02-bubble\debug\heart.obj
c:\users\marcr\documents\fib\whomp-em-vj-david-comino-muriano-marc-ribas-acon\projecte\2dgame\02-bubble\02-bubble\debug\healthbar.obj
c:\users\marcr\documents\fib\whomp-em-vj-david-comino-muriano-marc-ribas-acon\projecte\2dgame\02-bubble\02-bubble\debug\game.obj
c:\users\marcr\documents\fib\whomp-em-vj-david-comino-muriano-marc-ribas-acon\projecte\2dgame\02-bubble\02-bubble\debug\jumper.obj
c:\users\marcr\documents\fib\whomp-em-vj-david-comino-muriano-marc-ribas-acon\projecte\2dgame\02-bubble\02-bubble\debug\flint.obj
c:\users\marcr\documents\fib\whomp-em-vj-david-comino-muriano-marc-ribas-acon\projecte\2dgame\02-bubble\02-bubble\debug\finalitem.obj
c:\users\marcr\documents\fib\whomp-em-vj-david-comino-muriano-marc-ribas-acon\projecte\2dgame\02-bubble\02-bubble\debug\deerskin.obj
c:\users\marcr\documents\fib\whomp-em-vj-david-comino-muriano-marc-ribas-acon\projecte\2dgame\02-bubble\02-bubble\debug\credits.obj
c:\users\marcr\documents\fib\whomp-em-vj-david-comino-muriano-marc-ribas-acon\projecte\2dgame\02-bubble\02-bubble\debug\canteen.obj
c:\users\marcr\documents\fib\whomp-em-vj-david-comino-muriano-marc-ribas-acon\projecte\2dgame\02-bubble\02-bubble\debug\bigheart.obj
c:\users\marcr\documents\fib\whomp-em-vj-david-comino-muriano-marc-ribas-acon\projecte\2dgame\02-bubble\02-bubble\debug\bullet.obj
c:\users\marcr\documents\fib\whomp-em-vj-david-comino-muriano-marc-ribas-acon\projecte\2dgame\02-bubble\02-bubble\debug\bossbar.obj
c:\users\marcr\documents\fib\whomp-em-vj-david-comino-muriano-marc-ribas-acon\projecte\2dgame\02-bubble\02-bubble\debug\boss.obj
c:\users\marcr\documents\fib\whomp-em-vj-david-comino-muriano-marc-ribas-acon\projecte\2dgame\02-bubble\02-bubble\debug\audioengine.obj
c:\users\marcr\documents\fib\whomp-em-vj-david-comino-muriano-marc-ribas-acon\projecte\2dgame\02-bubble\02-bubble\debug\woodlog.obj
c:\users\marcr\documents\fib\whomp-em-vj-david-comino-muriano-marc-ribas-acon\projecte\2dgame\02-bubble\02-bubble\debug\weaponselector.obj
c:\users\marcr\documents\fib\whomp-em-vj-david-comino-muriano-marc-ribas-acon\projecte\2dgame\02-bubble\02-bubble\debug\tutorial.obj
c:\users\marcr\documents\fib\whomp-em-vj-david-comino-muriano-marc-ribas-acon\projecte\2dgame\02-bubble\02-bubble\debug\titlescreen.obj
c:\users\marcr\documents\fib\whomp-em-vj-david-comino-muriano-marc-ribas-acon\projecte\2dgame\02-bubble\02-bubble\debug\tilemap.obj
c:\users\marcr\documents\fib\whomp-em-vj-david-comino-muriano-marc-ribas-acon\projecte\2dgame\02-bubble\02-bubble\debug\texture.obj
c:\users\marcr\documents\fib\whomp-em-vj-david-comino-muriano-marc-ribas-acon\projecte\2dgame\02-bubble\02-bubble\debug\sprite.obj
c:\users\marcr\documents\fib\whomp-em-vj-david-comino-muriano-marc-ribas-acon\projecte\2dgame\02-bubble\02-bubble\debug\spider.obj
c:\users\marcr\documents\fib\whomp-em-vj-david-comino-muriano-marc-ribas-acon\projecte\2dgame\02-bubble\02-bubble\debug\shaderprogram.obj
c:\users\marcr\documents\fib\whomp-em-vj-david-comino-muriano-marc-ribas-acon\projecte\2dgame\02-bubble\debug\02-bubble.exe
c:\users\marcr\documents\fib\whomp-em-vj-david-comino-muriano-marc-ribas-acon\projecte\2dgame\02-bubble\debug\02-bubble.pdb
c:\users\marcr\documents\fib\whomp-em-vj-david-comino-muriano-marc-ribas-acon\projecte\2dgame\02-bubble\02-bubble\debug\02-bubble.ilk
c:\users\marcr\documents\fib\whomp-em-vj-david-comino-muriano-marc-ribas-acon\projecte\2dgame\02-bubble\02-bubble\debug\02-bubble.tlog\cl.command.1.tlog
c:\users\marcr\documents\fib\whomp-em-vj-david-comino-muriano-marc-ribas-acon\projecte\2dgame\02-bubble\02-bubble\debug\02-bubble.tlog\cl.items.tlog
c:\users\marcr\documents\fib\whomp-em-vj-david-comino-muriano-marc-ribas-acon\projecte\2dgame\02-bubble\02-bubble\debug\02-bubble.tlog\cl.read.1.tlog
c:\users\marcr\documents\fib\whomp-em-vj-david-comino-muriano-marc-ribas-acon\projecte\2dgame\02-bubble\02-bubble\debug\02-bubble.tlog\cl.write.1.tlog
c:\users\marcr\documents\fib\whomp-em-vj-david-comino-muriano-marc-ribas-acon\projecte\2dgame\02-bubble\02-bubble\debug\02-bubble.tlog\link.command.1.tlog
c:\users\marcr\documents\fib\whomp-em-vj-david-comino-muriano-marc-ribas-acon\projecte\2dgame\02-bubble\02-bubble\debug\02-bubble.tlog\link.read.1.tlog
c:\users\marcr\documents\fib\whomp-em-vj-david-comino-muriano-marc-ribas-acon\projecte\2dgame\02-bubble\02-bubble\debug\02-bubble.tlog\link.secondary.1.tlog
c:\users\marcr\documents\fib\whomp-em-vj-david-comino-muriano-marc-ribas-acon\projecte\2dgame\02-bubble\02-bubble\debug\02-bubble.tlog\link.write.1.tlog
