c:\users\marcr\documents\fib\whomp-em-vj-david-comino-muriano-marc-ribas-acon\projecte\2dgame\02-bubble\02-bubble\release\vc143.pdb
c:\users\marcr\documents\fib\whomp-em-vj-david-comino-muriano-marc-ribas-acon\projecte\2dgame\02-bubble\02-bubble\release\shader.obj
c:\users\marcr\documents\fib\whomp-em-vj-david-comino-muriano-marc-ribas-acon\projecte\2dgame\02-bubble\02-bubble\release\scene.obj
c:\users\marcr\documents\fib\whomp-em-vj-david-comino-muriano-marc-ribas-acon\projecte\2dgame\02-bubble\02-bubble\release\potions.obj
c:\users\marcr\documents\fib\whomp-em-vj-david-comino-muriano-marc-ribas-acon\projecte\2dgame\02-bubble\02-bubble\release\player.obj
c:\users\marcr\documents\fib\whomp-em-vj-david-comino-muriano-marc-ribas-acon\projecte\2dgame\02-bubble\02-bubble\release\mole.obj
c:\users\marcr\documents\fib\whomp-em-vj-david-comino-muriano-marc-ribas-acon\projecte\2dgame\02-bubble\02-bubble\release\main.obj
c:\users\marcr\documents\fib\whomp-em-vj-david-comino-muriano-marc-ribas-acon\projecte\2dgame\02-bubble\02-bubble\release\heart.obj
c:\users\marcr\documents\fib\whomp-em-vj-david-comino-muriano-marc-ribas-acon\projecte\2dgame\02-bubble\02-bubble\release\healthbar.obj
c:\users\marcr\documents\fib\whomp-em-vj-david-comino-muriano-marc-ribas-acon\projecte\2dgame\02-bubble\02-bubble\release\game.obj
c:\users\marcr\documents\fib\whomp-em-vj-david-comino-muriano-marc-ribas-acon\projecte\2dgame\02-bubble\02-bubble\release\jumper.obj
c:\users\marcr\documents\fib\whomp-em-vj-david-comino-muriano-marc-ribas-acon\projecte\2dgame\02-bubble\02-bubble\release\flint.obj
c:\users\marcr\documents\fib\whomp-em-vj-david-comino-muriano-marc-ribas-acon\projecte\2dgame\02-bubble\02-bubble\release\finalitem.obj
c:\users\marcr\documents\fib\whomp-em-vj-david-comino-muriano-marc-ribas-acon\projecte\2dgame\02-bubble\02-bubble\release\deerskin.obj
c:\users\marcr\documents\fib\whomp-em-vj-david-comino-muriano-marc-ribas-acon\projecte\2dgame\02-bubble\02-bubble\release\credits.obj
c:\users\marcr\documents\fib\whomp-em-vj-david-comino-muriano-marc-ribas-acon\projecte\2dgame\02-bubble\02-bubble\release\canteen.obj
c:\users\marcr\documents\fib\whomp-em-vj-david-comino-muriano-marc-ribas-acon\projecte\2dgame\02-bubble\02-bubble\release\bigheart.obj
c:\users\marcr\documents\fib\whomp-em-vj-david-comino-muriano-marc-ribas-acon\projecte\2dgame\02-bubble\02-bubble\release\bullet.obj
c:\users\marcr\documents\fib\whomp-em-vj-david-comino-muriano-marc-ribas-acon\projecte\2dgame\02-bubble\02-bubble\release\bossbar.obj
c:\users\marcr\documents\fib\whomp-em-vj-david-comino-muriano-marc-ribas-acon\projecte\2dgame\02-bubble\02-bubble\release\boss.obj
c:\users\marcr\documents\fib\whomp-em-vj-david-comino-muriano-marc-ribas-acon\projecte\2dgame\02-bubble\02-bubble\release\audioengine.obj
c:\users\marcr\documents\fib\whomp-em-vj-david-comino-muriano-marc-ribas-acon\projecte\2dgame\02-bubble\02-bubble\release\woodlog.obj
c:\users\marcr\documents\fib\whomp-em-vj-david-comino-muriano-marc-ribas-acon\projecte\2dgame\02-bubble\02-bubble\release\weaponselector.obj
c:\users\marcr\documents\fib\whomp-em-vj-david-comino-muriano-marc-ribas-acon\projecte\2dgame\02-bubble\02-bubble\release\tutorial.obj
c:\users\marcr\documents\fib\whomp-em-vj-david-comino-muriano-marc-ribas-acon\projecte\2dgame\02-bubble\02-bubble\release\titlescreen.obj
c:\users\marcr\documents\fib\whomp-em-vj-david-comino-muriano-marc-ribas-acon\projecte\2dgame\02-bubble\02-bubble\release\tilemap.obj
c:\users\marcr\documents\fib\whomp-em-vj-david-comino-muriano-marc-ribas-acon\projecte\2dgame\02-bubble\02-bubble\release\texture.obj
c:\users\marcr\documents\fib\whomp-em-vj-david-comino-muriano-marc-ribas-acon\projecte\2dgame\02-bubble\02-bubble\release\sprite.obj
c:\users\marcr\documents\fib\whomp-em-vj-david-comino-muriano-marc-ribas-acon\projecte\2dgame\02-bubble\02-bubble\release\spider.obj
c:\users\marcr\documents\fib\whomp-em-vj-david-comino-muriano-marc-ribas-acon\projecte\2dgame\02-bubble\02-bubble\release\shaderprogram.obj
c:\users\marcr\documents\fib\whomp-em-vj-david-comino-muriano-marc-ribas-acon\projecte\2dgame\02-bubble\release\02-bubble.exe
c:\users\marcr\documents\fib\whomp-em-vj-david-comino-muriano-marc-ribas-acon\projecte\2dgame\02-bubble\release\02-bubble.pdb
c:\users\marcr\documents\fib\whomp-em-vj-david-comino-muriano-marc-ribas-acon\projecte\2dgame\02-bubble\02-bubble\release\02-bubble.ipdb
c:\users\marcr\documents\fib\whomp-em-vj-david-comino-muriano-marc-ribas-acon\projecte\2dgame\02-bubble\02-bubble\release\02-bubble.iobj
c:\users\marcr\documents\fib\whomp-em-vj-david-comino-muriano-marc-ribas-acon\projecte\2dgame\02-bubble\02-bubble\release\02-bubble.tlog\cl.command.1.tlog
c:\users\marcr\documents\fib\whomp-em-vj-david-comino-muriano-marc-ribas-acon\projecte\2dgame\02-bubble\02-bubble\release\02-bubble.tlog\cl.items.tlog
c:\users\marcr\documents\fib\whomp-em-vj-david-comino-muriano-marc-ribas-acon\projecte\2dgame\02-bubble\02-bubble\release\02-bubble.tlog\cl.read.1.tlog
c:\users\marcr\documents\fib\whomp-em-vj-david-comino-muriano-marc-ribas-acon\projecte\2dgame\02-bubble\02-bubble\release\02-bubble.tlog\cl.write.1.tlog
c:\users\marcr\documents\fib\whomp-em-vj-david-comino-muriano-marc-ribas-acon\projecte\2dgame\02-bubble\02-bubble\release\02-bubble.tlog\link.command.1.tlog
c:\users\marcr\documents\fib\whomp-em-vj-david-comino-muriano-marc-ribas-acon\projecte\2dgame\02-bubble\02-bubble\release\02-bubble.tlog\link.read.1.tlog
c:\users\marcr\documents\fib\whomp-em-vj-david-comino-muriano-marc-ribas-acon\projecte\2dgame\02-bubble\02-bubble\release\02-bubble.tlog\link.secondary.1.tlog
c:\users\marcr\documents\fib\whomp-em-vj-david-comino-muriano-marc-ribas-acon\projecte\2dgame\02-bubble\02-bubble\release\02-bubble.tlog\link.write.1.tlog
